<?xml version="1.0" encoding="UTF-8"?>
<testng-results skipped="0" failed="0" ignored="0" total="1" passed="1">
  <reporter-output>
  </reporter-output>
  <suite name="Default suite" duration-ms="3449" started-at="2020-03-01T17:05:27 CST" finished-at="2020-03-01T17:05:30 CST">
    <groups>
    </groups>
    <test name="Default test" duration-ms="3449" started-at="2020-03-01T17:05:27 CST" finished-at="2020-03-01T17:05:30 CST">
      <class name="com.project.testCases.TC_UserDetailsAPI_002">
        <test-method status="PASS" signature="tc_UserDetailsAPI()[pri:0, instance:com.project.testCases.TC_UserDetailsAPI_002@76707e36]" name="tc_UserDetailsAPI" duration-ms="3390" started-at="2020-03-01T17:05:27 CST" finished-at="2020-03-01T17:05:30 CST">
          <reporter-output>
          </reporter-output>
        </test-method> <!-- tc_UserDetailsAPI -->
      </class> <!-- com.project.testCases.TC_UserDetailsAPI_002 -->
    </test> <!-- Default test -->
  </suite> <!-- Default suite -->
</testng-results>
